0 silly argv { _: [ 'version' ],
0 silly argv   lernaVersion: '3.2.1',
0 silly argv   '$0': '../../.anyenv/envs/ndenv/versions/v8.9.0/bin/lerna',
0 silly argv   bump: 'patch' }
1 notice cli v3.2.1
2 verbose rootPath /Users/kenji_imamura/src/ngx-server-push
3 info current version 0.0.0
4 silly isAnythingCommitted
5 verbose isAnythingCommitted 1
6 silly currentBranch
7 verbose currentBranch master
8 silly isBehindUpstream
9 error Error: Command failed: git rev-list --left-right --count origin/master...master
9 error fatal: ambiguous argument 'origin/master...master': unknown revision or path not in the working tree.
9 error Use '--' to separate paths from revisions, like this:
9 error 'git <command> [<revision>...] -- [<file>...]'
9 error
9 error
9 error     at makeError (/Users/kenji_imamura/.anyenv/envs/ndenv/versions/v8.9.0/lib/node_modules/lerna/node_modules/execa/index.js:172:9)
9 error     at Function.module.exports.sync (/Users/kenji_imamura/.anyenv/envs/ndenv/versions/v8.9.0/lib/node_modules/lerna/node_modules/execa/index.js:341:15)
9 error     at Object.execSync (/Users/kenji_imamura/.anyenv/envs/ndenv/versions/v8.9.0/lib/node_modules/lerna/node_modules/@lerna/child-process/index.js:22:16)
9 error     at countLeftRight (/Users/kenji_imamura/.anyenv/envs/ndenv/versions/v8.9.0/lib/node_modules/lerna/node_modules/@lerna/version/lib/is-behind-upstream.js:30:31)
9 error     at isBehindUpstream (/Users/kenji_imamura/.anyenv/envs/ndenv/versions/v8.9.0/lib/node_modules/lerna/node_modules/@lerna/version/lib/is-behind-upstream.js:14:27)
9 error     at VersionCommand.initialize (/Users/kenji_imamura/.anyenv/envs/ndenv/versions/v8.9.0/lib/node_modules/lerna/node_modules/@lerna/version/index.js:109:7)
9 error     at Promise.resolve.then (/Users/kenji_imamura/.anyenv/envs/ndenv/versions/v8.9.0/lib/node_modules/lerna/node_modules/@lerna/command/index.js:245:24)
